0 info it worked if it ends with ok
1 verbose cli [ '/Users/grucha/.nvm/versions/node/v0.12.7/bin/node',
1 verbose cli   '/Users/grucha/.nvm/versions/node/v0.12.7/bin/npm',
1 verbose cli   'install',
1 verbose cli   '-g' ]
2 info using npm@2.11.3
3 info using node@v0.12.7
4 verbose install initial load of /Users/grucha/.nvm/versions/node/v0.12.7/lib/package.json
5 verbose readDependencies loading dependencies from /Users/grucha/.nvm/versions/node/v0.12.7/lib/package.json
6 silly cache add args [ '.', null ]
7 verbose cache add spec .
8 silly cache add parsed spec { raw: '.',
8 silly cache add   scope: null,
8 silly cache add   name: null,
8 silly cache add   rawSpec: '.',
8 silly cache add   spec: '/Users/grucha/Documents/PhpstormProjects/200 Harvard/p4',
8 silly cache add   type: 'directory' }
9 error addLocal Could not install /Users/grucha/Documents/PhpstormProjects/200 Harvard/p4
10 verbose stack Error: No name provided in package.json
10 verbose stack     at /Users/grucha/.nvm/versions/node/v0.12.7/lib/node_modules/npm/lib/cache/add-local.js:61:17
10 verbose stack     at /Users/grucha/.nvm/versions/node/v0.12.7/lib/node_modules/npm/node_modules/read-package-json/read-json.js:345:5
10 verbose stack     at checkBinReferences_ (/Users/grucha/.nvm/versions/node/v0.12.7/lib/node_modules/npm/node_modules/read-package-json/read-json.js:309:45)
10 verbose stack     at final (/Users/grucha/.nvm/versions/node/v0.12.7/lib/node_modules/npm/node_modules/read-package-json/read-json.js:343:3)
10 verbose stack     at then (/Users/grucha/.nvm/versions/node/v0.12.7/lib/node_modules/npm/node_modules/read-package-json/read-json.js:113:5)
10 verbose stack     at /Users/grucha/.nvm/versions/node/v0.12.7/lib/node_modules/npm/node_modules/read-package-json/read-json.js:300:12
10 verbose stack     at evalmachine.<anonymous>:334:14
10 verbose stack     at /Users/grucha/.nvm/versions/node/v0.12.7/lib/node_modules/npm/node_modules/graceful-fs/graceful-fs.js:102:5
10 verbose stack     at FSReqWrap.oncomplete (evalmachine.<anonymous>:95:15)
11 verbose cwd /Users/grucha/Documents/PhpstormProjects/200 Harvard/p4
12 error Darwin 15.2.0
13 error argv "/Users/grucha/.nvm/versions/node/v0.12.7/bin/node" "/Users/grucha/.nvm/versions/node/v0.12.7/bin/npm" "install" "-g"
14 error node v0.12.7
15 error npm  v2.11.3
16 error No name provided in package.json
17 error If you need help, you may report this error at:
17 error     <https://github.com/npm/npm/issues>
18 verbose exit [ 1, true ]
